c:\users\shakti\hfdp_lld\decoratedstarbucks\decoratedstarbucks\decorate.b92cdab9\x64\debug\vc143.pdb
c:\users\shakti\hfdp_lld\decoratedstarbucks\decoratedstarbucks\decorate.b92cdab9\x64\debug\vc143.idb
c:\users\shakti\hfdp_lld\decoratedstarbucks\decoratedstarbucks\decorate.b92cdab9\x64\debug\main.obj
c:\users\shakti\hfdp_lld\decoratedstarbucks\decoratedstarbucks\decorate.b92cdab9\x64\debug\houseblend.obj
c:\users\shakti\hfdp_lld\decoratedstarbucks\decoratedstarbucks\decorate.b92cdab9\x64\debug\espresso.obj
c:\users\shakti\hfdp_lld\decoratedstarbucks\decoratedstarbucks\decorate.b92cdab9\x64\debug\dsgsfg.obj
c:\users\shakti\hfdp_lld\decoratedstarbucks\decoratedstarbucks\decorate.b92cdab9\x64\debug\darkroast.obj
c:\users\shakti\hfdp_lld\decoratedstarbucks\decoratedstarbucks\decorate.b92cdab9\x64\debug\condimentdecoratorwhip.obj
c:\users\shakti\hfdp_lld\decoratedstarbucks\decoratedstarbucks\decorate.b92cdab9\x64\debug\condimentdecoratormocha.obj
c:\users\shakti\hfdp_lld\decoratedstarbucks\decoratedstarbucks\x64\debug\decoratedstarbucks.exe
c:\users\shakti\hfdp_lld\decoratedstarbucks\decoratedstarbucks\x64\debug\decoratedstarbucks.pdb
c:\users\shakti\hfdp_lld\decoratedstarbucks\decoratedstarbucks\decorate.b92cdab9\x64\debug\decoratedstarbucks.ilk
c:\users\shakti\hfdp_lld\decoratedstarbucks\decoratedstarbucks\decorate.b92cdab9\x64\debug\decorate.b92cdab9.tlog\cl.command.1.tlog
c:\users\shakti\hfdp_lld\decoratedstarbucks\decoratedstarbucks\decorate.b92cdab9\x64\debug\decorate.b92cdab9.tlog\cl.items.tlog
c:\users\shakti\hfdp_lld\decoratedstarbucks\decoratedstarbucks\decorate.b92cdab9\x64\debug\decorate.b92cdab9.tlog\cl.read.1.tlog
c:\users\shakti\hfdp_lld\decoratedstarbucks\decoratedstarbucks\decorate.b92cdab9\x64\debug\decorate.b92cdab9.tlog\cl.write.1.tlog
c:\users\shakti\hfdp_lld\decoratedstarbucks\decoratedstarbucks\decorate.b92cdab9\x64\debug\decorate.b92cdab9.tlog\link.command.1.tlog
c:\users\shakti\hfdp_lld\decoratedstarbucks\decoratedstarbucks\decorate.b92cdab9\x64\debug\decorate.b92cdab9.tlog\link.read.1.tlog
c:\users\shakti\hfdp_lld\decoratedstarbucks\decoratedstarbucks\decorate.b92cdab9\x64\debug\decorate.b92cdab9.tlog\link.secondary.1.tlog
c:\users\shakti\hfdp_lld\decoratedstarbucks\decoratedstarbucks\decorate.b92cdab9\x64\debug\decorate.b92cdab9.tlog\link.write.1.tlog
