  DesktopNotificationDisplay.cpp
  MobileNotificationDisplay.cpp
  TabletNotificationDisplay.cpp
  Generating Code...
LINK : warning LNK4075: ignoring '/INCREMENTAL' due to '/FORCE' specification
GmailData.obj : warning LNK4006: "public: __cdecl GmailData::GmailData(void)" (??0GmailData@@QEAA@XZ) already defined in DesktopNotificationDisplay.obj; second definition ignored
GmailData.obj : warning LNK4006: "public: class std::basic_string<char,struct std::char_traits<char>,class std::allocator<char> > __cdecl GmailData::getMailMessage(void)const " (?getMailMessage@GmailData@@QEBA?AV?$basic_string@DU?$char_traits@D@std@@V?$allocator@D@2@@std@@XZ) already defined in DesktopNotificationDisplay.obj; second definition ignored
GmailData.obj : warning LNK4006: "public: void __cdecl GmailData::newMail(class std::basic_string<char,struct std::char_traits<char>,class std::allocator<char> >)" (?newMail@GmailData@@QEAAXV?$basic_string@DU?$char_traits@D@std@@V?$allocator@D@2@@std@@@Z) already defined in DesktopNotificationDisplay.obj; second definition ignored
GmailData.obj : warning LNK4006: "public: virtual void __cdecl GmailData::notfiyAllObserver(void)" (?notfiyAllObserver@GmailData@@UEAAXXZ) already defined in DesktopNotificationDisplay.obj; second definition ignored
GmailData.obj : warning LNK4006: "public: virtual void __cdecl GmailData::notifyObserver(class Observer *)" (?notifyObserver@GmailData@@UEAAXPEAVObserver@@@Z) already defined in DesktopNotificationDisplay.obj; second definition ignored
GmailData.obj : warning LNK4006: "public: virtual void __cdecl GmailData::subscribeObserver(class Observer *)" (?subscribeObserver@GmailData@@UEAAXPEAVObserver@@@Z) already defined in DesktopNotificationDisplay.obj; second definition ignored
GmailData.obj : warning LNK4006: "public: virtual void __cdecl GmailData::unsubscribeObserver(class Observer *)" (?unsubscribeObserver@GmailData@@UEAAXPEAVObserver@@@Z) already defined in DesktopNotificationDisplay.obj; second definition ignored
main.obj : warning LNK4006: "public: __cdecl DesktopNotificationDisplay::DesktopNotificationDisplay(class GmailData *)" (??0DesktopNotificationDisplay@@QEAA@PEAVGmailData@@@Z) already defined in DesktopNotificationDisplay.obj; second definition ignored
main.obj : warning LNK4006: "public: __cdecl GmailData::GmailData(void)" (??0GmailData@@QEAA@XZ) already defined in DesktopNotificationDisplay.obj; second definition ignored
main.obj : warning LNK4006: "public: __cdecl DesktopNotificationDisplay::~DesktopNotificationDisplay(void)" (??1DesktopNotificationDisplay@@QEAA@XZ) already defined in DesktopNotificationDisplay.obj; second definition ignored
main.obj : warning LNK4006: "public: virtual void __cdecl DesktopNotificationDisplay::display(void)" (?display@DesktopNotificationDisplay@@UEAAXXZ) already defined in DesktopNotificationDisplay.obj; second definition ignored
main.obj : warning LNK4006: "public: class std::basic_string<char,struct std::char_traits<char>,class std::allocator<char> > __cdecl GmailData::getMailMessage(void)const " (?getMailMessage@GmailData@@QEBA?AV?$basic_string@DU?$char_traits@D@std@@V?$allocator@D@2@@std@@XZ) already defined in DesktopNotificationDisplay.obj; second definition ignored
main.obj : warning LNK4006: "public: void __cdecl GmailData::newMail(class std::basic_string<char,struct std::char_traits<char>,class std::allocator<char> >)" (?newMail@GmailData@@QEAAXV?$basic_string@DU?$char_traits@D@std@@V?$allocator@D@2@@std@@@Z) already defined in DesktopNotificationDisplay.obj; second definition ignored
main.obj : warning LNK4006: "public: virtual void __cdecl GmailData::notfiyAllObserver(void)" (?notfiyAllObserver@GmailData@@UEAAXXZ) already defined in DesktopNotificationDisplay.obj; second definition ignored
main.obj : warning LNK4006: "public: virtual void __cdecl GmailData::notifyObserver(class Observer *)" (?notifyObserver@GmailData@@UEAAXPEAVObserver@@@Z) already defined in DesktopNotificationDisplay.obj; second definition ignored
main.obj : warning LNK4006: "public: virtual void __cdecl GmailData::subscribeObserver(class Observer *)" (?subscribeObserver@GmailData@@UEAAXPEAVObserver@@@Z) already defined in DesktopNotificationDisplay.obj; second definition ignored
main.obj : warning LNK4006: "public: virtual void __cdecl GmailData::unsubscribeObserver(class Observer *)" (?unsubscribeObserver@GmailData@@UEAAXPEAVObserver@@@Z) already defined in DesktopNotificationDisplay.obj; second definition ignored
main.obj : warning LNK4006: "public: virtual void __cdecl DesktopNotificationDisplay::update(void)" (?update@DesktopNotificationDisplay@@UEAAXXZ) already defined in DesktopNotificationDisplay.obj; second definition ignored
MobileNotificationDisplay.obj : warning LNK4006: "public: __cdecl GmailData::GmailData(void)" (??0GmailData@@QEAA@XZ) already defined in DesktopNotificationDisplay.obj; second definition ignored
MobileNotificationDisplay.obj : warning LNK4006: "public: __cdecl MobileNotificationDisplay::MobileNotificationDisplay(class GmailData *)" (??0MobileNotificationDisplay@@QEAA@PEAVGmailData@@@Z) already defined in main.obj; second definition ignored
MobileNotificationDisplay.obj : warning LNK4006: "public: __cdecl MobileNotificationDisplay::~MobileNotificationDisplay(void)" (??1MobileNotificationDisplay@@QEAA@XZ) already defined in main.obj; second definition ignored
MobileNotificationDisplay.obj : warning LNK4006: "public: virtual void __cdecl MobileNotificationDisplay::display(void)" (?display@MobileNotificationDisplay@@UEAAXXZ) already defined in main.obj; second definition ignored
MobileNotificationDisplay.obj : warning LNK4006: "public: class std::basic_string<char,struct std::char_traits<char>,class std::allocator<char> > __cdecl GmailData::getMailMessage(void)const " (?getMailMessage@GmailData@@QEBA?AV?$basic_string@DU?$char_traits@D@std@@V?$allocator@D@2@@std@@XZ) already defined in DesktopNotificationDisplay.obj; second definition ignored
MobileNotificationDisplay.obj : warning LNK4006: "public: void __cdecl GmailData::newMail(class std::basic_string<char,struct std::char_traits<char>,class std::allocator<char> >)" (?newMail@GmailData@@QEAAXV?$basic_string@DU?$char_traits@D@std@@V?$allocator@D@2@@std@@@Z) already defined in DesktopNotificationDisplay.obj; second definition ignored
MobileNotificationDisplay.obj : warning LNK4006: "public: virtual void __cdecl GmailData::notfiyAllObserver(void)" (?notfiyAllObserver@GmailData@@UEAAXXZ) already defined in DesktopNotificationDisplay.obj; second definition ignored
MobileNotificationDisplay.obj : warning LNK4006: "public: virtual void __cdecl GmailData::notifyObserver(class Observer *)" (?notifyObserver@GmailData@@UEAAXPEAVObserver@@@Z) already defined in DesktopNotificationDisplay.obj; second definition ignored
MobileNotificationDisplay.obj : warning LNK4006: "public: virtual void __cdecl GmailData::subscribeObserver(class Observer *)" (?subscribeObserver@GmailData@@UEAAXPEAVObserver@@@Z) already defined in DesktopNotificationDisplay.obj; second definition ignored
MobileNotificationDisplay.obj : warning LNK4006: "public: virtual void __cdecl GmailData::unsubscribeObserver(class Observer *)" (?unsubscribeObserver@GmailData@@UEAAXPEAVObserver@@@Z) already defined in DesktopNotificationDisplay.obj; second definition ignored
MobileNotificationDisplay.obj : warning LNK4006: "public: virtual void __cdecl MobileNotificationDisplay::update(void)" (?update@MobileNotificationDisplay@@UEAAXXZ) already defined in main.obj; second definition ignored
TabletNotificationDisplay.obj : warning LNK4006: "public: __cdecl GmailData::GmailData(void)" (??0GmailData@@QEAA@XZ) already defined in DesktopNotificationDisplay.obj; second definition ignored
TabletNotificationDisplay.obj : warning LNK4006: "public: __cdecl TabletNotificationDisplay::TabletNotificationDisplay(class GmailData *)" (??0TabletNotificationDisplay@@QEAA@PEAVGmailData@@@Z) already defined in main.obj; second definition ignored
TabletNotificationDisplay.obj : warning LNK4006: "public: __cdecl TabletNotificationDisplay::~TabletNotificationDisplay(void)" (??1TabletNotificationDisplay@@QEAA@XZ) already defined in main.obj; second definition ignored
TabletNotificationDisplay.obj : warning LNK4006: "public: virtual void __cdecl TabletNotificationDisplay::display(void)" (?display@TabletNotificationDisplay@@UEAAXXZ) already defined in main.obj; second definition ignored
TabletNotificationDisplay.obj : warning LNK4006: "public: class std::basic_string<char,struct std::char_traits<char>,class std::allocator<char> > __cdecl GmailData::getMailMessage(void)const " (?getMailMessage@GmailData@@QEBA?AV?$basic_string@DU?$char_traits@D@std@@V?$allocator@D@2@@std@@XZ) already defined in DesktopNotificationDisplay.obj; second definition ignored
TabletNotificationDisplay.obj : warning LNK4006: "public: void __cdecl GmailData::newMail(class std::basic_string<char,struct std::char_traits<char>,class std::allocator<char> >)" (?newMail@GmailData@@QEAAXV?$basic_string@DU?$char_traits@D@std@@V?$allocator@D@2@@std@@@Z) already defined in DesktopNotificationDisplay.obj; second definition ignored
TabletNotificationDisplay.obj : warning LNK4006: "public: virtual void __cdecl GmailData::notfiyAllObserver(void)" (?notfiyAllObserver@GmailData@@UEAAXXZ) already defined in DesktopNotificationDisplay.obj; second definition ignored
TabletNotificationDisplay.obj : warning LNK4006: "public: virtual void __cdecl GmailData::notifyObserver(class Observer *)" (?notifyObserver@GmailData@@UEAAXPEAVObserver@@@Z) already defined in DesktopNotificationDisplay.obj; second definition ignored
TabletNotificationDisplay.obj : warning LNK4006: "public: virtual void __cdecl GmailData::subscribeObserver(class Observer *)" (?subscribeObserver@GmailData@@UEAAXPEAVObserver@@@Z) already defined in DesktopNotificationDisplay.obj; second definition ignored
TabletNotificationDisplay.obj : warning LNK4006: "public: virtual void __cdecl GmailData::unsubscribeObserver(class Observer *)" (?unsubscribeObserver@GmailData@@UEAAXPEAVObserver@@@Z) already defined in DesktopNotificationDisplay.obj; second definition ignored
TabletNotificationDisplay.obj : warning LNK4006: "public: virtual void __cdecl TabletNotificationDisplay::update(void)" (?update@TabletNotificationDisplay@@UEAAXXZ) already defined in main.obj; second definition ignored
C:\Users\Shakti\HFDP_LLD\GmailNotification\GmailNotification\x64\Debug\GmailNotification.exe : warning LNK4088: image being generated due to /FORCE option; image may not run
  GmailNotification.vcxproj -> C:\Users\Shakti\HFDP_LLD\GmailNotification\GmailNotification\x64\Debug\GmailNotification.exe
