  main.cpp
LINK : warning LNK4075: ignoring '/INCREMENTAL' due to '/FORCE' specification
ForecastConditionsDisplay.obj : warning LNK4006: "public: __cdecl WeatherData::WeatherData(void)" (??0WeatherData@@QEAA@XZ) already defined in CurrentConditionsDisplay.obj; second definition ignored
ForecastConditionsDisplay.obj : warning LNK4006: "public: float __cdecl WeatherData::getHumidity(void)const " (?getHumidity@WeatherData@@QEBAMXZ) already defined in CurrentConditionsDisplay.obj; second definition ignored
ForecastConditionsDisplay.obj : warning LNK4006: "public: float __cdecl WeatherData::getPressure(void)const " (?getPressure@WeatherData@@QEBAMXZ) already defined in CurrentConditionsDisplay.obj; second definition ignored
ForecastConditionsDisplay.obj : warning LNK4006: "public: float __cdecl WeatherData::getTemperature(void)const " (?getTemperature@WeatherData@@QEBAMXZ) already defined in CurrentConditionsDisplay.obj; second definition ignored
ForecastConditionsDisplay.obj : warning LNK4006: "public: void __cdecl WeatherData::measurementsChanged(void)" (?measurementsChanged@WeatherData@@QEAAXXZ) already defined in CurrentConditionsDisplay.obj; second definition ignored
ForecastConditionsDisplay.obj : warning LNK4006: "public: virtual void __cdecl WeatherData::notfiyAllObserver(void)" (?notfiyAllObserver@WeatherData@@UEAAXXZ) already defined in CurrentConditionsDisplay.obj; second definition ignored
ForecastConditionsDisplay.obj : warning LNK4006: "public: virtual void __cdecl WeatherData::notifyObserver(class Observer *)" (?notifyObserver@WeatherData@@UEAAXPEAVObserver@@@Z) already defined in CurrentConditionsDisplay.obj; second definition ignored
ForecastConditionsDisplay.obj : warning LNK4006: "public: void __cdecl WeatherData::setMeasurements(float,float,float)" (?setMeasurements@WeatherData@@QEAAXMMM@Z) already defined in CurrentConditionsDisplay.obj; second definition ignored
ForecastConditionsDisplay.obj : warning LNK4006: "public: virtual void __cdecl WeatherData::subscribeObserver(class Observer *)" (?subscribeObserver@WeatherData@@UEAAXPEAVObserver@@@Z) already defined in CurrentConditionsDisplay.obj; second definition ignored
ForecastConditionsDisplay.obj : warning LNK4006: "public: virtual void __cdecl WeatherData::unsubscribeObserver(class Observer *)" (?unsubscribeObserver@WeatherData@@UEAAXPEAVObserver@@@Z) already defined in CurrentConditionsDisplay.obj; second definition ignored
main.obj : warning LNK4006: "public: __cdecl CurrentConditionsDisplay::CurrentConditionsDisplay(class WeatherData *)" (??0CurrentConditionsDisplay@@QEAA@PEAVWeatherData@@@Z) already defined in CurrentConditionsDisplay.obj; second definition ignored
main.obj : warning LNK4006: "public: __cdecl ForecastConditionsDisplay::ForecastConditionsDisplay(class WeatherData *)" (??0ForecastConditionsDisplay@@QEAA@PEAVWeatherData@@@Z) already defined in ForecastConditionsDisplay.obj; second definition ignored
main.obj : warning LNK4006: "public: __cdecl WeatherData::WeatherData(void)" (??0WeatherData@@QEAA@XZ) already defined in CurrentConditionsDisplay.obj; second definition ignored
main.obj : warning LNK4006: "public: __cdecl CurrentConditionsDisplay::~CurrentConditionsDisplay(void)" (??1CurrentConditionsDisplay@@QEAA@XZ) already defined in CurrentConditionsDisplay.obj; second definition ignored
main.obj : warning LNK4006: "public: __cdecl ForecastConditionsDisplay::~ForecastConditionsDisplay(void)" (??1ForecastConditionsDisplay@@QEAA@XZ) already defined in ForecastConditionsDisplay.obj; second definition ignored
main.obj : warning LNK4006: "public: virtual void __cdecl CurrentConditionsDisplay::display(void)" (?display@CurrentConditionsDisplay@@UEAAXXZ) already defined in CurrentConditionsDisplay.obj; second definition ignored
main.obj : warning LNK4006: "public: virtual void __cdecl ForecastConditionsDisplay::display(void)" (?display@ForecastConditionsDisplay@@UEAAXXZ) already defined in ForecastConditionsDisplay.obj; second definition ignored
main.obj : warning LNK4006: "public: float __cdecl WeatherData::getHumidity(void)const " (?getHumidity@WeatherData@@QEBAMXZ) already defined in CurrentConditionsDisplay.obj; second definition ignored
main.obj : warning LNK4006: "public: float __cdecl WeatherData::getPressure(void)const " (?getPressure@WeatherData@@QEBAMXZ) already defined in CurrentConditionsDisplay.obj; second definition ignored
main.obj : warning LNK4006: "public: float __cdecl WeatherData::getTemperature(void)const " (?getTemperature@WeatherData@@QEBAMXZ) already defined in CurrentConditionsDisplay.obj; second definition ignored
main.obj : warning LNK4006: "public: void __cdecl WeatherData::measurementsChanged(void)" (?measurementsChanged@WeatherData@@QEAAXXZ) already defined in CurrentConditionsDisplay.obj; second definition ignored
main.obj : warning LNK4006: "public: virtual void __cdecl WeatherData::notfiyAllObserver(void)" (?notfiyAllObserver@WeatherData@@UEAAXXZ) already defined in CurrentConditionsDisplay.obj; second definition ignored
main.obj : warning LNK4006: "public: virtual void __cdecl WeatherData::notifyObserver(class Observer *)" (?notifyObserver@WeatherData@@UEAAXPEAVObserver@@@Z) already defined in CurrentConditionsDisplay.obj; second definition ignored
main.obj : warning LNK4006: "public: void __cdecl WeatherData::setMeasurements(float,float,float)" (?setMeasurements@WeatherData@@QEAAXMMM@Z) already defined in CurrentConditionsDisplay.obj; second definition ignored
main.obj : warning LNK4006: "public: virtual void __cdecl WeatherData::subscribeObserver(class Observer *)" (?subscribeObserver@WeatherData@@UEAAXPEAVObserver@@@Z) already defined in CurrentConditionsDisplay.obj; second definition ignored
main.obj : warning LNK4006: "public: virtual void __cdecl WeatherData::unsubscribeObserver(class Observer *)" (?unsubscribeObserver@WeatherData@@UEAAXPEAVObserver@@@Z) already defined in CurrentConditionsDisplay.obj; second definition ignored
main.obj : warning LNK4006: "public: virtual void __cdecl CurrentConditionsDisplay::update(void)" (?update@CurrentConditionsDisplay@@UEAAXXZ) already defined in CurrentConditionsDisplay.obj; second definition ignored
main.obj : warning LNK4006: "public: virtual void __cdecl ForecastConditionsDisplay::update(void)" (?update@ForecastConditionsDisplay@@UEAAXXZ) already defined in ForecastConditionsDisplay.obj; second definition ignored
StatisticsConditionsDisplay.obj : warning LNK4006: "public: __cdecl StatisticsConditionsDisplay::StatisticsConditionsDisplay(class WeatherData *)" (??0StatisticsConditionsDisplay@@QEAA@PEAVWeatherData@@@Z) already defined in main.obj; second definition ignored
StatisticsConditionsDisplay.obj : warning LNK4006: "public: __cdecl WeatherData::WeatherData(void)" (??0WeatherData@@QEAA@XZ) already defined in CurrentConditionsDisplay.obj; second definition ignored
StatisticsConditionsDisplay.obj : warning LNK4006: "public: __cdecl StatisticsConditionsDisplay::~StatisticsConditionsDisplay(void)" (??1StatisticsConditionsDisplay@@QEAA@XZ) already defined in main.obj; second definition ignored
StatisticsConditionsDisplay.obj : warning LNK4006: "public: virtual void __cdecl StatisticsConditionsDisplay::display(void)" (?display@StatisticsConditionsDisplay@@UEAAXXZ) already defined in main.obj; second definition ignored
StatisticsConditionsDisplay.obj : warning LNK4006: "public: float __cdecl WeatherData::getHumidity(void)const " (?getHumidity@WeatherData@@QEBAMXZ) already defined in CurrentConditionsDisplay.obj; second definition ignored
StatisticsConditionsDisplay.obj : warning LNK4006: "public: float __cdecl WeatherData::getPressure(void)const " (?getPressure@WeatherData@@QEBAMXZ) already defined in CurrentConditionsDisplay.obj; second definition ignored
StatisticsConditionsDisplay.obj : warning LNK4006: "public: float __cdecl WeatherData::getTemperature(void)const " (?getTemperature@WeatherData@@QEBAMXZ) already defined in CurrentConditionsDisplay.obj; second definition ignored
StatisticsConditionsDisplay.obj : warning LNK4006: "public: void __cdecl WeatherData::measurementsChanged(void)" (?measurementsChanged@WeatherData@@QEAAXXZ) already defined in CurrentConditionsDisplay.obj; second definition ignored
StatisticsConditionsDisplay.obj : warning LNK4006: "public: virtual void __cdecl WeatherData::notfiyAllObserver(void)" (?notfiyAllObserver@WeatherData@@UEAAXXZ) already defined in CurrentConditionsDisplay.obj; second definition ignored
StatisticsConditionsDisplay.obj : warning LNK4006: "public: virtual void __cdecl WeatherData::notifyObserver(class Observer *)" (?notifyObserver@WeatherData@@UEAAXPEAVObserver@@@Z) already defined in CurrentConditionsDisplay.obj; second definition ignored
StatisticsConditionsDisplay.obj : warning LNK4006: "public: void __cdecl WeatherData::setMeasurements(float,float,float)" (?setMeasurements@WeatherData@@QEAAXMMM@Z) already defined in CurrentConditionsDisplay.obj; second definition ignored
StatisticsConditionsDisplay.obj : warning LNK4006: "public: virtual void __cdecl WeatherData::subscribeObserver(class Observer *)" (?subscribeObserver@WeatherData@@UEAAXPEAVObserver@@@Z) already defined in CurrentConditionsDisplay.obj; second definition ignored
StatisticsConditionsDisplay.obj : warning LNK4006: "public: virtual void __cdecl WeatherData::unsubscribeObserver(class Observer *)" (?unsubscribeObserver@WeatherData@@UEAAXPEAVObserver@@@Z) already defined in CurrentConditionsDisplay.obj; second definition ignored
StatisticsConditionsDisplay.obj : warning LNK4006: "public: virtual void __cdecl StatisticsConditionsDisplay::update(void)" (?update@StatisticsConditionsDisplay@@UEAAXXZ) already defined in main.obj; second definition ignored
WeatherData.obj : warning LNK4006: "public: __cdecl WeatherData::WeatherData(void)" (??0WeatherData@@QEAA@XZ) already defined in CurrentConditionsDisplay.obj; second definition ignored
WeatherData.obj : warning LNK4006: "public: float __cdecl WeatherData::getHumidity(void)const " (?getHumidity@WeatherData@@QEBAMXZ) already defined in CurrentConditionsDisplay.obj; second definition ignored
WeatherData.obj : warning LNK4006: "public: float __cdecl WeatherData::getPressure(void)const " (?getPressure@WeatherData@@QEBAMXZ) already defined in CurrentConditionsDisplay.obj; second definition ignored
WeatherData.obj : warning LNK4006: "public: float __cdecl WeatherData::getTemperature(void)const " (?getTemperature@WeatherData@@QEBAMXZ) already defined in CurrentConditionsDisplay.obj; second definition ignored
WeatherData.obj : warning LNK4006: "public: void __cdecl WeatherData::measurementsChanged(void)" (?measurementsChanged@WeatherData@@QEAAXXZ) already defined in CurrentConditionsDisplay.obj; second definition ignored
WeatherData.obj : warning LNK4006: "public: virtual void __cdecl WeatherData::notfiyAllObserver(void)" (?notfiyAllObserver@WeatherData@@UEAAXXZ) already defined in CurrentConditionsDisplay.obj; second definition ignored
WeatherData.obj : warning LNK4006: "public: virtual void __cdecl WeatherData::notifyObserver(class Observer *)" (?notifyObserver@WeatherData@@UEAAXPEAVObserver@@@Z) already defined in CurrentConditionsDisplay.obj; second definition ignored
WeatherData.obj : warning LNK4006: "public: void __cdecl WeatherData::setMeasurements(float,float,float)" (?setMeasurements@WeatherData@@QEAAXMMM@Z) already defined in CurrentConditionsDisplay.obj; second definition ignored
WeatherData.obj : warning LNK4006: "public: virtual void __cdecl WeatherData::subscribeObserver(class Observer *)" (?subscribeObserver@WeatherData@@UEAAXPEAVObserver@@@Z) already defined in CurrentConditionsDisplay.obj; second definition ignored
WeatherData.obj : warning LNK4006: "public: virtual void __cdecl WeatherData::unsubscribeObserver(class Observer *)" (?unsubscribeObserver@WeatherData@@UEAAXPEAVObserver@@@Z) already defined in CurrentConditionsDisplay.obj; second definition ignored
C:\Users\Shakti\HFDP_LLD\WeatherStation\WeatherStation\x64\Debug\WeatherStation.exe : warning LNK4088: image being generated due to /FORCE option; image may not run
  WeatherStation.vcxproj -> C:\Users\Shakti\HFDP_LLD\WeatherStation\WeatherStation\x64\Debug\WeatherStation.exe
